SERIAL_NUMBER: INVALID
BIOS_VERSION: 6JCN03WW
MACHINE_MODEL: INVALID
APPLICATION_VERSION: UEFI 02.09.01
+++ 20170504T223530UTC STORAGE 1493937330000
UDI: WDC-WD2500LPCX-24C6HT0-WD-WX41E34N2242
DISPLAYNAME: WD2500LPCX-24C6HT0 - WDC
TYPE: Internal HDD
MODEL: WD2500LPCX-24C6HT0
MANUFACTURER: WDC
SERIAL: WD-WX41E34N2242
FIRMWARE: 02.01A02
SIZE: 232 GB
ROTATION_RATE: 5400 rpm
TEMPERATURE: 31 C
PHYSICAL_SECTOR_SIZE: 4096 bytes
LOGICAL_SECTOR_SIZE: 512 bytes
LOGICAL_SECTORS: 488397168 sectors
SUPPORTED_STANDARDS: ATA/ATAPI 4,ATA/ATAPI 5,ATA/ATAPI 6,ATA/ATAPI 7,ATA8_ACS
SPEC_VERSION: Minor version is not reported
START TESTS
20170504T223530UTC START SMART_STATUS_TEST
20170504T223531UTC STOP SMART_STATUS_TEST SUCCESS 1 S
20170504T223531UTC START SHORT_SELF_TEST
20170504T223737UTC STOP SHORT_SELF_TEST SUCCESS 126 S
20170504T223737UTC START DRIVE_SELF_TEST
20170504T224942UTC STOP DRIVE_SELF_TEST SUCCESS 725 S
20170504T224942UTC START RANDOM_SEEK_TEST
20170504T225055UTC STOP RANDOM_SEEK_TEST SUCCESS 73 S
20170504T225055UTC START FUNNEL_SEEK_TEST
20170504T225126UTC STOP FUNNEL_SEEK_TEST SUCCESS 31 S
20170504T225126UTC START TARGETED_READ_TEST
20170504T225126UTC STOP TARGETED_READ_TEST SUCCESS 0 S
STOP TESTS UHD01V000-NMSZQG
--- STORAGE
+++ 20170504T225438UTC MEMORY 1493938478000
UDI: 00000000
DISPLAYNAME: MAIN_MEMORY
PHYSICAL_MEMORY: 4.000 GB
>>> RESOURCE BANK  
INDEX: 0
MANUFACTURER: SK Hynix
SPEED: 2400 MHz
SIZE: 4.000 GB
PART_NUMBER: HMA851S6AFR6N-UH
SERIAL_NUMBER: 00000000
<<< RESOURCE  
START TESTS
20170504T225438UTC MESSAGE TESTED_SIZE: 3,808 MB
20170504T225438UTC START QUICK_RANDOM_PATTERN_TEST
20170504T225535UTC STOP QUICK_RANDOM_PATTERN_TEST SUCCESS 57 S
STOP TESTS UME800000-NMSZQG
--- MEMORY
+++ 20170504T225535UTC EXTENDED_MEMORY 1493938535000
UDI: 00000000
DISPLAYNAME: MAIN_MEMORY
PHYSICAL_MEMORY: 4.000 GB
>>> RESOURCE BANK  
INDEX: 0
MANUFACTURER: SK Hynix
SPEED: 2400 MHz
SIZE: 4.000 GB
PART_NUMBER: HMA851S6AFR6N-UH
SERIAL_NUMBER: 00000000
<<< RESOURCE  
START TESTS
20170504T225535UTC MESSAGE TESTED_SIZE: 3,808 MB
20170504T225535UTC START ADVANCED_INTEGRITY
20170504T225725UTC STOP ADVANCED_INTEGRITY SUCCESS 110 S
20170504T225725UTC START ADDRESS_TEST
20170504T225732UTC STOP ADDRESS_TEST SUCCESS 7 S
20170504T225732UTC START RANDOM_PATTERN_TEST
20170504T230116UTC STOP RANDOM_PATTERN_TEST SUCCESS 224 S
STOP TESTS UME0G3000-NMSZQG
--- EXTENDED_MEMORY
+++ 20170504T230145UTC VIDEO_CARD 1493938905000
UDI: VIDEO_CARD_SYSTEM
DISPLAYNAME: VIDEO_CARD
AVAILABLE_TEXT_MODES:  80X25, 80X50, 80X25, 240X56, 100X31, 128X40, 160X53
AVAILABLE_GRAPHIC_MODES:  1920X1080, 640X480, 800X600, 1024X768, 1280X1024
START TESTS
20170504T230145UTC START TEXT_MODE_TEST
20170504T230200UTC STOP TEXT_MODE_TEST SUCCESS 15 S
20170504T230200UTC START GRAPHIC_MODE_TEST
20170504T230211UTC STOP GRAPHIC_MODE_TEST SUCCESS 11 S
STOP TESTS UVC030000-NMSZQG
--- VIDEO_CARD
+++ 20170504T230231UTC MOTHERBOARD 1493938951000
UDI: MOBO_UID
DISPLAYNAME: MOTHERBOARD_DISPLAY_NAME
 
MOTHERBOARD_NUMBER_OF_USB_HOST_CONTROLLERS: 1
MOTHERBOARD_NUMBER_OF_PCI: 17
MOTHERBOARD_RTC_PRESENCE: MOTHERBOARD_RTC_YES
 
>>> RESOURCE MOTHERBOARD_PCI_RESOURCE  
INDEX: 1
MOTHERBOARD_SLOT: 0:0.0
MOTHERBOARD_CLASS_NAME: Bridge
MOTHERBOARD_SUBCLASS_NAME: Host bridge
<<< RESOURCE 
>>> RESOURCE MOTHERBOARD_PCI_RESOURCE  
INDEX: 2
MOTHERBOARD_SLOT: 0:2.0
MOTHERBOARD_CLASS_NAME: Display controller
MOTHERBOARD_SUBCLASS_NAME: VGA compatible controller
<<< RESOURCE 
>>> RESOURCE MOTHERBOARD_PCI_RESOURCE  
INDEX: 3
MOTHERBOARD_SLOT: 0:14.0
MOTHERBOARD_CLASS_NAME: Serial bus controller
MOTHERBOARD_SUBCLASS_NAME: USB controller
<<< RESOURCE 
>>> RESOURCE MOTHERBOARD_PCI_RESOURCE  
INDEX: 4
MOTHERBOARD_SLOT: 0:14.2
MOTHERBOARD_CLASS_NAME: Signal processing controller
MOTHERBOARD_SUBCLASS_NAME: Signal processing controller
<<< RESOURCE 
>>> RESOURCE MOTHERBOARD_PCI_RESOURCE  
INDEX: 5
MOTHERBOARD_SLOT: 0:15.0
MOTHERBOARD_CLASS_NAME: Signal processing controller
MOTHERBOARD_SUBCLASS_NAME: Signal processing controller
<<< RESOURCE 
>>> RESOURCE MOTHERBOARD_PCI_RESOURCE  
INDEX: 6
MOTHERBOARD_SLOT: 0:16.0
MOTHERBOARD_CLASS_NAME: Communication controller
MOTHERBOARD_SUBCLASS_NAME: Communication controller
<<< RESOURCE 
>>> RESOURCE MOTHERBOARD_PCI_RESOURCE  
INDEX: 7
MOTHERBOARD_SLOT: 0:17.0
MOTHERBOARD_CLASS_NAME: Mass storage controller
MOTHERBOARD_SUBCLASS_NAME: RAID bus controller
<<< RESOURCE 
>>> RESOURCE MOTHERBOARD_PCI_RESOURCE  
INDEX: 8
MOTHERBOARD_SLOT: 0:1C.0
MOTHERBOARD_CLASS_NAME: Bridge
MOTHERBOARD_SUBCLASS_NAME: PCI bridge
<<< RESOURCE 
>>> RESOURCE MOTHERBOARD_PCI_RESOURCE  
INDEX: 9
MOTHERBOARD_SLOT: 1:0.0
MOTHERBOARD_CLASS_NAME: Display controller
MOTHERBOARD_SUBCLASS_NAME: 3D controller
<<< RESOURCE 
>>> RESOURCE MOTHERBOARD_PCI_RESOURCE  
INDEX: 10
MOTHERBOARD_SLOT: 0:1C.4
MOTHERBOARD_CLASS_NAME: Bridge
MOTHERBOARD_SUBCLASS_NAME: PCI bridge
<<< RESOURCE 
>>> RESOURCE MOTHERBOARD_PCI_RESOURCE  
INDEX: 11
MOTHERBOARD_SLOT: 2:0.0
MOTHERBOARD_CLASS_NAME: Network controller
MOTHERBOARD_SUBCLASS_NAME: Ethernet controller
<<< RESOURCE 
>>> RESOURCE MOTHERBOARD_PCI_RESOURCE  
INDEX: 12
MOTHERBOARD_SLOT: 0:1C.5
MOTHERBOARD_CLASS_NAME: Bridge
MOTHERBOARD_SUBCLASS_NAME: PCI bridge
<<< RESOURCE 
>>> RESOURCE MOTHERBOARD_PCI_RESOURCE  
INDEX: 13
MOTHERBOARD_SLOT: 3:0.0
MOTHERBOARD_CLASS_NAME: Unassigned class
MOTHERBOARD_SUBCLASS_NAME: Unknown
<<< RESOURCE 
>>> RESOURCE MOTHERBOARD_PCI_RESOURCE  
INDEX: 14
MOTHERBOARD_SLOT: 0:1F.0
MOTHERBOARD_CLASS_NAME: Bridge
MOTHERBOARD_SUBCLASS_NAME: ISA bridge
<<< RESOURCE 
>>> RESOURCE MOTHERBOARD_PCI_RESOURCE  
INDEX: 15
MOTHERBOARD_SLOT: 0:1F.2
MOTHERBOARD_CLASS_NAME: Memory controller
MOTHERBOARD_SUBCLASS_NAME: Memory controller
<<< RESOURCE 
>>> RESOURCE MOTHERBOARD_PCI_RESOURCE  
INDEX: 16
MOTHERBOARD_SLOT: 0:1F.3
MOTHERBOARD_CLASS_NAME: Multimedia controller
MOTHERBOARD_SUBCLASS_NAME: Audio device
<<< RESOURCE 
>>> RESOURCE MOTHERBOARD_PCI_RESOURCE  
INDEX: 17
MOTHERBOARD_SLOT: 0:1F.4
MOTHERBOARD_CLASS_NAME: Serial bus controller
MOTHERBOARD_SUBCLASS_NAME: SMBus
<<< RESOURCE 
>>> RESOURCE MOTHERBOARD_USB_RESOURCE  
INDEX: 18
MOTHERBOARD_USB_VERSION: 2.0
MOTHERBOARD_CLASS_NAME: Human interface device
MOTHERBOARD_SUBCLASS_NAME: Boot interface subclass
MOTHERBOARD_VENDOR_ID: 0x461
MOTHERBOARD_PRODUCT_ID: 0x4D80
MOTHERBOARD_VENDOR_NAME: Not available
MOTHERBOARD_PRODUCT_NAME: USB Optical Mouse
<<< RESOURCE 
>>> RESOURCE MOTHERBOARD_USB_RESOURCE  
INDEX: 19
MOTHERBOARD_USB_VERSION: 2.0
MOTHERBOARD_CLASS_NAME: Mass storage
MOTHERBOARD_SUBCLASS_NAME: SCSI
MOTHERBOARD_VENDOR_ID: 0x2008
MOTHERBOARD_PRODUCT_ID: 0x2018
MOTHERBOARD_VENDOR_NAME: usb2.0
MOTHERBOARD_PRODUCT_NAME: Flash Disk
<<< RESOURCE 
>>> RESOURCE MOTHERBOARD_USB_RESOURCE  
INDEX: 20
MOTHERBOARD_USB_VERSION: 2.0
MOTHERBOARD_CLASS_NAME: Vendor specific
MOTHERBOARD_SUBCLASS_NAME: Vendor specific
MOTHERBOARD_VENDOR_ID: 0x6CB
MOTHERBOARD_PRODUCT_ID: 0x81
MOTHERBOARD_VENDOR_NAME: Not available
MOTHERBOARD_PRODUCT_NAME: Generic device
<<< RESOURCE 
>>> RESOURCE MOTHERBOARD_USB_RESOURCE  
INDEX: 21
MOTHERBOARD_USB_VERSION: 3.0
MOTHERBOARD_CLASS_NAME: Wireless
MOTHERBOARD_SUBCLASS_NAME: Radio frequency
MOTHERBOARD_VENDOR_ID: 0xBDA
MOTHERBOARD_PRODUCT_ID: 0xB023
MOTHERBOARD_VENDOR_NAME: Realtek
MOTHERBOARD_PRODUCT_NAME: Bluetooth Radio
<<< RESOURCE 
>>> RESOURCE MOTHERBOARD_USB_RESOURCE  
INDEX: 22
MOTHERBOARD_USB_VERSION: 2.0
MOTHERBOARD_CLASS_NAME: Video
MOTHERBOARD_SUBCLASS_NAME: Video control
MOTHERBOARD_VENDOR_ID: 0xBDA
MOTHERBOARD_PRODUCT_ID: 0x58EA
MOTHERBOARD_VENDOR_NAME: XXXG8M02X
MOTHERBOARD_PRODUCT_NAME: EasyCamera
<<< RESOURCE 
START TESTS
20170504T230231UTC START MOTHERBOARD_DMA_TEST
20170504T230231UTC WARNING MOTHERBOARD_CHIPSET_UNSUPPORTED_CHIPSET
20170504T230231UTC STOP MOTHERBOARD_DMA_TEST UNSUPPORTED
20170504T230231UTC START MOTHERBOARD_IRQ_TEST
20170504T230233UTC STOP MOTHERBOARD_IRQ_TEST SUCCESS 2 S
20170504T230233UTC START MOTHERBOARD_PCI_PCIE_BUS_TEST
20170504T230233UTC STOP MOTHERBOARD_PCI_PCIE_BUS_TEST SUCCESS 0 S
20170504T230233UTC START MOTHERBOARD_RTC_TEST
20170504T230238UTC STOP MOTHERBOARD_RTC_TEST SUCCESS 5 S
20170504T230238UTC START MOTHERBOARD_USB_TEST
20170504T230238UTC MESSAGE Flash Disk MOTHERBOARD_USB_SPEED 0 MB/s MOTHERBOARD_USB_VERSION 2.0
20170504T230332UTC STOP MOTHERBOARD_USB_TEST SUCCESS 54 S
STOP TESTS UMB01E000-NMSZQG
--- MOTHERBOARD
+++ 20170504T230332UTC PCI_EXPRESS 1493939012000
UDI: PCI_EXPRESS_SYSTEM
DISPLAYNAME: PCI_EXPRESS_SYSTEM
>>> RESOURCE DEVICE_FUNCTION  
BUS: 0x0
DEVICE: 0x2
FUNCTION: 0x0
POWER_FAULT_DETECTED: NO
OFFBOARD_DEVICE: NO
FATAL_ERROR_DETECTED: NO
VENDOR_ID: 0x8086
CLASS: Display controller
SUBCLASS: VGA compatible controller
<<< RESOURCE 
>>> RESOURCE DEVICE_FUNCTION  
BUS: 0x1
DEVICE: 0x0
FUNCTION: 0x0
POWER_FAULT_DETECTED: NO
OFFBOARD_DEVICE: NO
FATAL_ERROR_DETECTED: NO
VENDOR_ID: 0x10DE
CLASS: Display controller
SUBCLASS: 3D controller
<<< RESOURCE 
>>> RESOURCE DEVICE_FUNCTION  
BUS: 0x2
DEVICE: 0x0
FUNCTION: 0x0
POWER_FAULT_DETECTED: NO
OFFBOARD_DEVICE: NO
FATAL_ERROR_DETECTED: NO
VENDOR_ID: 0x10EC
CLASS: Network controller
SUBCLASS: Ethernet controller
<<< RESOURCE 
>>> RESOURCE DEVICE_FUNCTION  
BUS: 0x3
DEVICE: 0x0
FUNCTION: 0x0
POWER_FAULT_DETECTED: NO
OFFBOARD_DEVICE: NO
FATAL_ERROR_DETECTED: NO
VENDOR_ID: 0x10EC
CLASS: Unassigned class
SUBCLASS: Unknown
<<< RESOURCE 
START TESTS
20170504T230332UTC START STATUS_TEST
20170504T230333UTC STOP STATUS_TEST SUCCESS 1 S
STOP TESTS UPE001000-NMSZQG
--- PCI_EXPRESS
